\BOOKMARK [1][-]{toc1.1}{\376\377\000S\000u\000m\000\341\000r\000i\000o}{}% 1
\BOOKMARK [1][-]{section.1}{\376\377\0001\000\040\000I\000N\000T\000R\000O\000D\000U\000\307\000\303\000O\000\040}{}% 2
\BOOKMARK [2][-]{subsection.1.1}{\376\377\0001\000.\0001\000\040\000\040\000C\000o\000n\000s\000i\000d\000e\000r\000a\000\347\000\365\000e\000s\000\040\000p\000r\000e\000l\000i\000m\000i\000n\000a\000r\000e\000s\000\040}{section.1}% 3
\BOOKMARK [2][-]{subsection.1.2}{\376\377\0001\000.\0002\000\040\000\040\000O\000b\000j\000e\000t\000o\000\040\000d\000o\000\040\000E\000s\000t\000u\000d\000o\000\040\000d\000e\000\040\000c\000a\000s\000o\000\040}{section.1}% 4
\BOOKMARK [1][-]{section.2}{\376\377\0002\000\040\000\040\000A\000M\000O\000S\000T\000R\000A\000\040}{}% 5
\BOOKMARK [2][-]{subsection.2.1}{\376\377\0002\000.\0001\000\040\000\040\000A\000R\000E\000N\000A\000\040\000D\000O\000\040\000G\000R\000\312\000M\000I\000O\000\040}{section.2}% 6
\BOOKMARK [2][-]{subsection.2.2}{\376\377\0002\000.\0002\000\040\000A\000L\000L\000I\000A\000N\000Z\000\040\000P\000A\000R\000Q\000U\000E}{section.2}% 7
\BOOKMARK [2][-]{subsection.2.3}{\376\377\0002\000.\0003\000\040\000E\000S\000T\000\301\000D\000I\000O\000\040\000M\000I\000L\000T\000O\000N\000\040\000S\000A\000N\000T\000O\000S}{section.2}% 8
\BOOKMARK [2][-]{subsection.2.4}{\376\377\0002\000.\0004\000\040\000E\000S\000T\000\301\000D\000I\000O\000\040\000M\000A\000R\000A\000C\000A\000N\000\303}{section.2}% 9
\BOOKMARK [2][-]{subsection.2.5}{\376\377\0002\000.\0005\000\040\000A\000R\000E\000N\000A\000\040\000P\000A\000N\000T\000A\000N\000A\000L}{section.2}% 10
\BOOKMARK [2][-]{subsection.2.6}{\376\377\0002\000.\0006\000\040\000A\000R\000E\000N\000A\000\040\000A\000M\000A\000Z\000O\000N\000I\000A}{section.2}% 11
\BOOKMARK [2][-]{subsection.2.7}{\376\377\0002\000.\0007\000\040\000A\000R\000E\000N\000A\000\040\000D\000A\000S\000\040\000D\000U\000N\000A\000S}{section.2}% 12
\BOOKMARK [2][-]{subsection.2.8}{\376\377\0002\000.\0008\000\040\000E\000S\000T\000\301\000D\000I\000O\000\040\000B\000E\000I\000R\000A\000\040\000R\000I\000O}{section.2}% 13
\BOOKMARK [2][-]{subsection.2.9}{\376\377\0002\000.\0009\000\040\000E\000S\000T\000\301\000D\000I\000O\000\040\000P\000E\000D\000R\000O\000\040\000L\000U\000D\000O\000V\000I\000C\000O\000\040\000T\000E\000I\000X\000E\000I\000R\000A}{section.2}% 14
\BOOKMARK [2][-]{subsection.2.10}{\376\377\0002\000.\0001\0000\000\040\000E\000S\000T\000\301\000D\000I\000O\000\040\000C\000A\000S\000T\000E\000L\000\303\000O}{section.2}% 15
\BOOKMARK [2][-]{subsection.2.11}{\376\377\0002\000.\0001\0001\000\040\000A\000R\000E\000N\000A\000\040\000P\000E\000R\000N\000A\000N\000B\000U\000C\000O}{section.2}% 16
\BOOKMARK [2][-]{subsection.2.12}{\376\377\0002\000.\0001\0002\000\040\000A\000R\000E\000N\000A\000\040\000M\000R\000V}{section.2}% 17
\BOOKMARK [2][-]{subsection.2.13}{\376\377\0002\000.\0001\0003\000\040\000A\000R\000E\000N\000A\000\040\000D\000O\000\040\000E\000S\000P\000O\000R\000T\000E}{section.2}% 18
\BOOKMARK [2][-]{subsection.2.14}{\376\377\0002\000.\0001\0004\000\040\000E\000S\000T\000\301\000D\000I\000O\000\040\000U\000R\000B\000A\000N\000O\000\040\000C\000A\000L\000D\000E\000I\000R\000A}{section.2}% 19
\BOOKMARK [2][-]{subsection.2.15}{\376\377\0002\000.\0001\0005\000\040\000E\000S\000T\000\301\000D\000I\000O\000\040\000I\000N\000D\000E\000P\000E\000N\000D\000\312\000N\000C\000I\000A}{section.2}% 20
\BOOKMARK [2][-]{subsection.2.16}{\376\377\0002\000.\0001\0006\000\040\000A\000R\000E\000N\000A\000\040\000D\000A\000\040\000B\000A\000I\000X\000A\000D\000A}{section.2}% 21
\BOOKMARK [1][-]{section.3}{\376\377\0003\000\040\000M\000E\000T\000O\000D\000O\000L\000O\000G\000I\000A}{}% 22
\BOOKMARK [1][-]{section.4}{\376\377\0004\000\040\000A\000N\000\301\000L\000I\000S\000E\000\040\000D\000O\000\040\000T\000R\000A\000T\000A\000M\000E\000N\000T\000O\000\040\000E\000S\000T\000A\000T\000\315\000S\000T\000I\000C\000O\000\040\000-\000\040\000C\000U\000S\000T\000O\000\040\000B\000E\000N\000F\000E\000I\000T\000O\000R\000I\000A\000S\000\040\000/\000\040\000T\000E\000R\000R\000E\000N\000O}{}% 23
\BOOKMARK [2][-]{subsection.4.1}{\376\377\0004\000.\0001\000\040\000A\000M\000O\000S\000T\000R\000A\000\040\000E\000S\000T\000\301\000D\000I\000O\000\040\000-\000\040\000C\000U\000S\000T\000O\000\040\000B\000E\000N\000F\000E\000I\000T\000O\000R\000I\000A\000S}{section.4}% 24
\BOOKMARK [2][-]{subsection.4.2}{\376\377\0004\000.\0002\000\040\000M\000O\000D\000E\000L\000O\000\040\000E\000S\000T\000A\000T\000\315\000S\000T\000I\000C\000O\000\040\000D\000O\000\040\000T\000R\000A\000T\000A\000M\000E\000N\000T\000O\000\040\000C\000I\000E\000N\000T\000\315\000F\000I\000C\000O\000\040\000-\000\040\000S\000i\000s\000D\000E\000A}{section.4}% 25
\BOOKMARK [3][-]{subsubsection.4.2.1}{\376\377\0004\000.\0002\000.\0001\000\040\000R\000E\000S\000U\000L\000T\000A\000D\000O\000S}{subsection.4.2}% 26
\BOOKMARK [2][-]{subsection.4.3}{\376\377\0004\000.\0003\000\040\000A\000M\000O\000S\000T\000R\000A\000\040\000E\000S\000T\000\301\000D\000I\000O\000\040\000V\000A\000L\000O\000R\000\040\000D\000O\000\040\000T\000E\000R\000R\000E\000N\000O}{section.4}% 27
\BOOKMARK [2][-]{subsection.4.4}{\376\377\0004\000.\0004\000\040\000M\000O\000D\000E\000L\000O\000\040\000E\000S\000T\000A\000T\000\315\000S\000T\000I\000C\000O\000\040\000D\000O\000\040\000T\000R\000A\000T\000A\000M\000E\000N\000T\000O\000\040\000C\000I\000E\000N\000T\000\315\000F\000I\000C\000O\000\040\000-\000\040\000S\000i\000s\000D\000E\000A}{section.4}% 28
\BOOKMARK [3][-]{subsubsection.4.4.1}{\376\377\0004\000.\0004\000.\0001\000\040\000E\000S\000T\000I\000M\000A\000T\000I\000V\000A\000S}{subsection.4.4}% 29
\BOOKMARK [1][-]{section.5}{\376\377\0005\000\040\000M\000\311\000T\000O\000D\000O\000\040\000E\000V\000O\000L\000U\000T\000I\000V\000O}{}% 30
\BOOKMARK [2][-]{subsection.5.1}{\376\377\0005\000.\0001\000\040\000D\000E\000T\000E\000R\000M\000I\000N\000A\000\307\000\303\000O\000\040\000D\000O\000\040\000V\000A\000L\000O\000R\000\040\000T\000O\000T\000A\000L\000\040\000D\000A\000\040\000A\000R\000E\000N\000A}{section.5}% 31
\BOOKMARK [1][-]{section.6}{\376\377\0006\000\040\000\040\000C\000O\000N\000C\000L\000U\000S\000\303\000O\000\040}{}% 32
\BOOKMARK [1][-]{section.7}{\376\377\0007\000\040\000R\000E\000F\000E\000R\000\312\000N\000C\000I\000A\000S}{}% 33
